<?xml version="1.0" encoding="UTF-8"?>
<!-- Generated by org.testng.reporters.JUnitReportReporter -->
<testsuite hostname="DESKTOP-VU1F7B6" failures="0" tests="2" name="parallel_execution.Programme_Parallel1" time="2.764" errors="0" timestamp="2023-03-02T15:06:07 IST" skipped="0">
  <testcase classname="parallel_execution.Programme_Parallel1" name="login" time="1.577"/>
  <system-out/>
  <testcase classname="parallel_execution.Programme_Parallel1" name="title" time="1.187"/>
  <system-out/>
</testsuite> <!-- parallel_execution.Programme_Parallel1 -->
